<?xml version="1.0" encoding="UTF-8"?>
<!-- Generated by org.testng.reporters.JUnitReportReporter -->
<testsuite hostname="L-0125-hshah.local" failures="0" tests="1" name="api_test.QA_test" time="2.726" errors="0" timestamp="29 May 2019 18:13:01 GMT" skipped="0">
  <testcase classname="api_test.QA_test" name="getPipelineCount" time="2.726"/>
</testsuite> <!-- api_test.QA_test -->
