<?xml version="1.0" encoding="UTF-8"?>
<!-- Generated by org.testng.reporters.JUnitReportReporter -->
<testsuite hostname="L-0125-hshah.local" failures="2" tests="50" name="api_test.GetnetworkFeed" time="87.789" errors="0" timestamp="22 Aug 2019 21:10:24 GMT" skipped="0">
  <testcase classname="api_test.GetnetworkFeed" name="getForecastQuarterSummary" time="0.251"/>
  <testcase classname="api_test.GetnetworkFeed" name="getCumulativerevenueforecast" time="2.932"/>
  <testcase classname="api_test.GetnetworkFeed" name="getPipelineVolumeMonthly" time="0.302"/>
  <testcase classname="api_test.GetnetworkFeed" name="getSellerStage" time="0.221"/>
  <testcase classname="api_test.GetnetworkFeed" name="getNewsFeed" time="3.731"/>
  <testcase classname="api_test.GetnetworkFeed" name="getTodateTimeperiods" time="0.223"/>
  <testcase classname="api_test.GetnetworkFeed" name="getBuyerroles" time="0.914"/>
  <testcase classname="api_test.GetnetworkFeed" name="getPipelineChangeMonthly" time="1.469"/>
  <testcase classname="api_test.GetnetworkFeed" name="getPipelineChangeQuarter" time="1.376"/>
  <testcase classname="api_test.GetnetworkFeed" name="getRecentRiskCounts" time="0.244"/>
  <testcase classname="api_test.GetnetworkFeed" name="getMyTeamInfo" time="0.229"/>
  <testcase classname="api_test.GetnetworkFeed" name="getForecastTimeperiods" time="0.225"/>
  <testcase classname="api_test.GetnetworkFeed" name="getHeatMapStage" time="0.319"/>
  <testcase classname="api_test.GetnetworkFeed" name="getPipelineChangeWeekly" time="1.409"/>
  <testcase classname="api_test.GetnetworkFeed" name="getPipelineVolumeYearToDate" time="0.276"/>
  <testcase classname="api_test.GetnetworkFeed" name="getPipelineChangeYearly" time="1.198"/>
  <testcase classname="api_test.GetnetworkFeed" name="getPipelineVolumeMonthToDate" time="0.333"/>
  <testcase classname="api_test.GetnetworkFeed" name="getPipelineVolumeYearly" time="0.272"/>
  <testcase classname="api_test.GetnetworkFeed" name="getPipelineVolumeQuarterToDate" time="0.276"/>
  <testcase classname="api_test.GetnetworkFeed" name="getUserProfileNetworkinsights" time="0.241"/>
  <testcase classname="api_test.GetnetworkFeed" name="getPipelineChangeYearToDate" time="2.823"/>
  <testcase classname="api_test.GetnetworkFeed" name="getOppActivityStagedetails" time="0.527"/>
  <testcase classname="api_test.GetnetworkFeed" name="getPipelineMonitorMeasure" time="0.223"/>
  <testcase classname="api_test.GetnetworkFeed" name="getPipelineVolumeWeekToDate" time="0.277"/>
  <testcase classname="api_test.GetnetworkFeed" name="getCumulativerevenueforDay" time="2.516"/>
  <testcase classname="api_test.GetnetworkFeed" name="getHeatMapAge" time="0.315"/>
  <testcase classname="api_test.GetnetworkFeed" name="getCumulativerevenue" time="0.301"/>
  <testcase classname="api_test.GetnetworkFeed" name="getOppScheduledActivity" time="5.124"/>
  <testcase classname="api_test.GetnetworkFeed" name="getPipelineChangeQuarterToDate" time="1.332"/>
  <testcase classname="api_test.GetnetworkFeed" name="getTopdeals" time="0.304"/>
  <testcase classname="api_test.GetnetworkFeed" name="getPipelineSummary" time="0.317"/>
  <testcase classname="api_test.GetnetworkFeed" name="getPipelineCountCheckifValueisgreaterthanzero" time="0.312">
    <failure message="
Expected: a value greater than &lt;0&gt;
     but: &lt;0&gt; was equal to &lt;0&gt;" type="java.lang.AssertionError">
      <![CDATA[java.lang.AssertionError: 
Expected: a value greater than <0>
     but: <0> was equal to <0>
at org.hamcrest.MatcherAssert.assertThat(MatcherAssert.java:20)
at org.hamcrest.MatcherAssert.assertThat(MatcherAssert.java:8)
at api_test.GetnetworkFeed.getPipelineCountCheckifValueisgreaterthanzero(GetnetworkFeed.java:88)
at java.base/jdk.internal.reflect.NativeMethodAccessorImpl.invoke0(Native Method)
at java.base/jdk.internal.reflect.NativeMethodAccessorImpl.invoke(NativeMethodAccessorImpl.java:62)
at java.base/jdk.internal.reflect.DelegatingMethodAccessorImpl.invoke(DelegatingMethodAccessorImpl.java:43)
at java.base/java.lang.reflect.Method.invoke(Method.java:564)
at org.testng.internal.MethodInvocationHelper.invokeMethod(MethodInvocationHelper.java:124)
at org.testng.internal.Invoker.invokeMethod(Invoker.java:580)
at org.testng.internal.Invoker.invokeTestMethod(Invoker.java:716)
at org.testng.internal.Invoker.invokeTestMethods(Invoker.java:988)
at org.testng.internal.TestMethodWorker.invokeTestMethods(TestMethodWorker.java:125)
at org.testng.internal.TestMethodWorker.run(TestMethodWorker.java:109)
at org.testng.TestRunner.privateRun(TestRunner.java:648)
at org.testng.TestRunner.run(TestRunner.java:505)
at org.testng.SuiteRunner.runTest(SuiteRunner.java:455)
at org.testng.SuiteRunner.runSequentially(SuiteRunner.java:450)
at org.testng.SuiteRunner.privateRun(SuiteRunner.java:415)
at org.testng.SuiteRunner.run(SuiteRunner.java:364)
at org.testng.SuiteRunnerWorker.runSuite(SuiteRunnerWorker.java:52)
at org.testng.SuiteRunnerWorker.run(SuiteRunnerWorker.java:84)
at org.testng.TestNG.runSuitesSequentially(TestNG.java:1208)
at org.testng.TestNG.runSuitesLocally(TestNG.java:1137)
at org.testng.TestNG.runSuites(TestNG.java:1049)
at org.testng.TestNG.run(TestNG.java:1017)
at org.testng.remote.AbstractRemoteTestNG.run(AbstractRemoteTestNG.java:114)
at org.testng.remote.RemoteTestNG.initAndRun(RemoteTestNG.java:251)
at org.testng.remote.RemoteTestNG.main(RemoteTestNG.java:77)
]]>
    </failure>
  </testcase> <!-- getPipelineCountCheckifValueisgreaterthanzero -->
  <testcase classname="api_test.GetnetworkFeed" name="getForecastMonthSummary" time="2.773"/>
  <testcase classname="api_test.GetnetworkFeed" name="getHeatMapPrabability" time="0.299"/>
  <testcase classname="api_test.GetnetworkFeed" name="getForecastYearSummary" time="3.051"/>
  <testcase classname="api_test.GetnetworkFeed" name="getCalendarInfo" time="0.289"/>
  <testcase classname="api_test.GetnetworkFeed" name="getConnectionCount" time="0.307"/>
  <testcase classname="api_test.GetnetworkFeed" name="getSalesSummaryMeasures" time="0.260"/>
  <testcase classname="api_test.GetnetworkFeed" name="getPipelineVolumeWeekly" time="0.272"/>
  <testcase classname="api_test.GetnetworkFeed" name="getUserDetails" time="2.055"/>
  <testcase classname="api_test.GetnetworkFeed" name="getTrailingTimeperiods" time="0.224"/>
  <testcase classname="api_test.GetnetworkFeed" name="getExpectedGrowth" time="3.460"/>
  <testcase classname="api_test.GetnetworkFeed" name="getForecastteamSummary" time="0.232"/>
  <testcase classname="api_test.GetnetworkFeed" name="getDescendRevenue" time="0.232"/>
  <testcase classname="api_test.GetnetworkFeed" name="getPipelineChangeMonthToDate" time="1.590"/>
  <testcase classname="api_test.GetnetworkFeed" name="getPipelineCount" time="2.208"/>
  <testcase classname="api_test.GetnetworkFeed" name="getPipelineVolumeQuarter" time="0.316"/>
  <testcase classname="api_test.GetnetworkFeed" name="getPipelineMonitor" time="37.749"/>
  <testcase classname="api_test.GetnetworkFeed" name="getMinedEmail" time="0.234">
    <failure message="1 expectation failed.
Expected status code &lt;200&gt; doesn&#039;t match actual status code &lt;500&gt;.
" type="java.lang.AssertionError">
      <![CDATA[java.lang.AssertionError: 1 expectation failed.
Expected status code <200> doesn't match actual status code <500>.

at java.base/jdk.internal.reflect.NativeConstructorAccessorImpl.newInstance0(Native Method)
at java.base/jdk.internal.reflect.NativeConstructorAccessorImpl.newInstance(NativeConstructorAccessorImpl.java:62)
at java.base/jdk.internal.reflect.DelegatingConstructorAccessorImpl.newInstance(DelegatingConstructorAccessorImpl.java:45)
at java.base/java.lang.reflect.Constructor.newInstance(Constructor.java:488)
at org.codehaus.groovy.reflection.CachedConstructor.invoke(CachedConstructor.java:80)
at org.codehaus.groovy.reflection.CachedConstructor.doConstructorInvoke(CachedConstructor.java:74)
at org.codehaus.groovy.runtime.callsite.ConstructorSite$ConstructorSiteNoUnwrap.callConstructor(ConstructorSite.java:84)
at org.codehaus.groovy.runtime.callsite.CallSiteArray.defaultCallConstructor(CallSiteArray.java:60)
at org.codehaus.groovy.runtime.callsite.AbstractCallSite.callConstructor(AbstractCallSite.java:235)
at org.codehaus.groovy.runtime.callsite.AbstractCallSite.callConstructor(AbstractCallSite.java:247)
at com.jayway.restassured.internal.ResponseSpecificationImpl$HamcrestAssertionClosure.validate(ResponseSpecificationImpl.groovy:598)
at com.jayway.restassured.internal.ResponseSpecificationImpl$HamcrestAssertionClosure$validate$1.call(Unknown Source)
at com.jayway.restassured.internal.ResponseSpecificationImpl.validateResponseIfRequired(ResponseSpecificationImpl.groovy:760)
at java.base/jdk.internal.reflect.NativeMethodAccessorImpl.invoke0(Native Method)
at java.base/jdk.internal.reflect.NativeMethodAccessorImpl.invoke(NativeMethodAccessorImpl.java:62)
at java.base/jdk.internal.reflect.DelegatingMethodAccessorImpl.invoke(DelegatingMethodAccessorImpl.java:43)
at java.base/java.lang.reflect.Method.invoke(Method.java:564)
at org.codehaus.groovy.runtime.callsite.PogoMetaMethodSite$PogoCachedMethodSiteNoUnwrapNoCoerce.invoke(PogoMetaMethodSite.java:210)
at org.codehaus.groovy.runtime.callsite.PogoMetaMethodSite.callCurrent(PogoMetaMethodSite.java:59)
at org.codehaus.groovy.runtime.callsite.AbstractCallSite.callCurrent(AbstractCallSite.java:166)
at com.jayway.restassured.internal.ResponseSpecificationImpl.statusCode(ResponseSpecificationImpl.groovy:120)
at com.jayway.restassured.specification.ResponseSpecification$statusCode$0.callCurrent(Unknown Source)
at com.jayway.restassured.internal.ResponseSpecificationImpl.statusCode(ResponseSpecificationImpl.groovy:128)
at com.jayway.restassured.internal.ValidatableResponseOptionsImpl.statusCode(ValidatableResponseOptionsImpl.java:117)
at api_test.GetnetworkFeed.getMinedEmail(GetnetworkFeed.java:707)
at java.base/jdk.internal.reflect.NativeMethodAccessorImpl.invoke0(Native Method)
at java.base/jdk.internal.reflect.NativeMethodAccessorImpl.invoke(NativeMethodAccessorImpl.java:62)
at java.base/jdk.internal.reflect.DelegatingMethodAccessorImpl.invoke(DelegatingMethodAccessorImpl.java:43)
at java.base/java.lang.reflect.Method.invoke(Method.java:564)
at org.testng.internal.MethodInvocationHelper.invokeMethod(MethodInvocationHelper.java:124)
at org.testng.internal.Invoker.invokeMethod(Invoker.java:580)
at org.testng.internal.Invoker.invokeTestMethod(Invoker.java:716)
at org.testng.internal.Invoker.invokeTestMethods(Invoker.java:988)
at org.testng.internal.TestMethodWorker.invokeTestMethods(TestMethodWorker.java:125)
at org.testng.internal.TestMethodWorker.run(TestMethodWorker.java:109)
at org.testng.TestRunner.privateRun(TestRunner.java:648)
at org.testng.TestRunner.run(TestRunner.java:505)
at org.testng.SuiteRunner.runTest(SuiteRunner.java:455)
at org.testng.SuiteRunner.runSequentially(SuiteRunner.java:450)
at org.testng.SuiteRunner.privateRun(SuiteRunner.java:415)
at org.testng.SuiteRunner.run(SuiteRunner.java:364)
at org.testng.SuiteRunnerWorker.runSuite(SuiteRunnerWorker.java:52)
at org.testng.SuiteRunnerWorker.run(SuiteRunnerWorker.java:84)
at org.testng.TestNG.runSuitesSequentially(TestNG.java:1208)
at org.testng.TestNG.runSuitesLocally(TestNG.java:1137)
at org.testng.TestNG.runSuites(TestNG.java:1049)
at org.testng.TestNG.run(TestNG.java:1017)
at org.testng.remote.AbstractRemoteTestNG.run(AbstractRemoteTestNG.java:114)
at org.testng.remote.RemoteTestNG.initAndRun(RemoteTestNG.java:251)
at org.testng.remote.RemoteTestNG.main(RemoteTestNG.java:77)
]]>
    </failure>
  </testcase> <!-- getMinedEmail -->
  <testcase classname="api_test.GetnetworkFeed" name="getPipelineChangeWeekToDate" time="1.426"/>
</testsuite> <!-- api_test.GetnetworkFeed -->
