<?xml version="1.0" encoding="UTF-8"?>
<!-- Generated by org.testng.reporters.JUnitReportReporter -->
<testsuite hostname="L-0125-hshah.local" failures="0" tests="1" name="test.QA_Test" time="15.860" errors="0" timestamp="28 May 2019 22:24:02 GMT" skipped="0">
  <testcase classname="test.QA_Test" name="test_whats_happening_activities" time="15.860"/>
</testsuite> <!-- test.QA_Test -->
