<?xml version="1.0" encoding="UTF-8"?>
<!-- Generated by org.testng.reporters.JUnitReportReporter -->
<testsuite hostname="L-0125-hshah.local" failures="0" tests="1" name="test.QA_Test" time="20.583" errors="0" timestamp="11 Sep 2019 21:49:35 GMT" skipped="0">
  <testcase classname="test.QA_Test" name="test_monthly_predictive_Forecast" time="20.583"/>
</testsuite> <!-- test.QA_Test -->
