<?xml version="1.0" encoding="UTF-8"?>
<!-- Generated by org.testng.reporters.JUnitReportReporter -->
<testsuite hostname="L-0125-hshah.local" failures="0" tests="1" name="api_test.QA_test" time="26.789" errors="0" timestamp="14 Aug 2019 23:25:43 GMT" skipped="0">
  <testcase classname="api_test.QA_test" name="getPipelineCount" time="26.789"/>
</testsuite> <!-- api_test.QA_test -->
