<?xml version="1.0" encoding="UTF-8"?>
<!-- Generated by org.testng.reporters.JUnitReportReporter -->
<testsuite hostname="L-0125-hshah.local" failures="0" tests="1" name="registration_test.Registration" time="18.490" errors="0" timestamp="14 Mar 2019 17:34:35 GMT" skipped="0">
  <testcase classname="registration_test.Registration" name="test_registration" time="18.490"/>
</testsuite> <!-- registration_test.Registration -->
